<?xml version="1.0" encoding="UTF-8"?>
<!-- Generated by org.testng.reporters.JUnitXMLReporter -->
<testsuite hostname="ESLLAP-2316" ignored="0" name="Validating User login" tests="11" failures="0" timestamp="2022-07-26T10:29:41 IST" time="5.281" errors="0">
  <testcase name="@BeforeTest initialize" time="5.11" classname="Academy.ChallengingDomPage">
    <failure type="org.openqa.selenium.WebDriverException" message="unknown error: net::ERR_NAME_NOT_RESOLVED
  (Session info: chrome=103.0.5060.134)
Build info: version: &amp;apos;3.141.59&amp;apos;, revision: &amp;apos;e82be7d358&amp;apos;, time: &amp;apos;2018-11-14T08:17:03&amp;apos;
System info: host: &amp;apos;ESLLAP-2316&amp;apos;, ip: &amp;apos;192.168.1.35&amp;apos;, os.name: &amp;apos;Windows 10&amp;apos;, os.arch: &amp;apos;amd64&amp;apos;, os.version: &amp;apos;10.0&amp;apos;, java.version: &amp;apos;1.8.0_251&amp;apos;
Driver info: org.openqa.selenium.chrome.ChromeDriver
Capabilities {acceptInsecureCerts: false, browserName: chrome, browserVersion: 103.0.5060.134, chrome: {chromedriverVersion: 103.0.5060.134 (8ec6fce403b..., userDataDir: C:\Users\8077\AppData\Local...}, goog:chromeOptions: {debuggerAddress: localhost:57304}, javascriptEnabled: true, networkConnectionEnabled: false, pageLoadStrategy: normal, platform: WINDOWS, platformName: WINDOWS, proxy: Proxy(), setWindowRect: true, strictFileInteractability: false, timeouts: {implicit: 0, pageLoad: 300000, script: 30000}, unhandledPromptBehavior: dismiss and notify, webauthn:extension:credBlob: true, webauthn:extension:largeBlob: true, webauthn:virtualAuthenticators: true}
Session ID: 8244da82f7650623cdd7cd9aa3160544">
      <![CDATA[org.openqa.selenium.WebDriverException: unknown error: net::ERR_NAME_NOT_RESOLVED
  (Session info: chrome=103.0.5060.134)
Build info: version: '3.141.59', revision: 'e82be7d358', time: '2018-11-14T08:17:03'
System info: host: 'ESLLAP-2316', ip: '192.168.1.35', os.name: 'Windows 10', os.arch: 'amd64', os.version: '10.0', java.version: '1.8.0_251'
Driver info: org.openqa.selenium.chrome.ChromeDriver
Capabilities {acceptInsecureCerts: false, browserName: chrome, browserVersion: 103.0.5060.134, chrome: {chromedriverVersion: 103.0.5060.134 (8ec6fce403b..., userDataDir: C:\Users\8077\AppData\Local...}, goog:chromeOptions: {debuggerAddress: localhost:57304}, javascriptEnabled: true, networkConnectionEnabled: false, pageLoadStrategy: normal, platform: WINDOWS, platformName: WINDOWS, proxy: Proxy(), setWindowRect: true, strictFileInteractability: false, timeouts: {implicit: 0, pageLoad: 300000, script: 30000}, unhandledPromptBehavior: dismiss and notify, webauthn:extension:credBlob: true, webauthn:extension:largeBlob: true, webauthn:virtualAuthenticators: true}
Session ID: 8244da82f7650623cdd7cd9aa3160544
at org.openqa.selenium.remote.http.W3CHttpResponseCodec.createException(W3CHttpResponseCodec.java:187)
at org.openqa.selenium.remote.http.W3CHttpResponseCodec.decode(W3CHttpResponseCodec.java:122)
at org.openqa.selenium.remote.http.W3CHttpResponseCodec.decode(W3CHttpResponseCodec.java:49)
at org.openqa.selenium.remote.HttpCommandExecutor.execute(HttpCommandExecutor.java:158)
at org.openqa.selenium.remote.service.DriverCommandExecutor.execute(DriverCommandExecutor.java:83)
at org.openqa.selenium.remote.RemoteWebDriver.execute(RemoteWebDriver.java:552)
at org.openqa.selenium.remote.RemoteWebDriver.get(RemoteWebDriver.java:277)
at Academy.ChallengingDomPage.initialize(ChallengingDomPage.java:29)
... Removed 28 stack frames]]>
    </failure>
  </testcase> <!-- @BeforeTest initialize -->
  <testcase name="@AfterTest teardown" time="-1.65881158183E9" classname="Academy.ChallengingDomPage">
    <skipped/>
  </testcase> <!-- @AfterTest teardown -->
  <testcase name="ListTableData" time="0.0" classname="Academy.ChallengingDomPage">
    <skipped/>
  </testcase> <!-- ListTableData -->
  <testcase name="NoofRowsandColumn" time="0.0" classname="Academy.ChallengingDomPage">
    <skipped/>
  </testcase> <!-- NoofRowsandColumn -->
  <testcase name="TestCanvas" time="0.0" classname="Academy.ChallengingDomPage">
    <skipped/>
  </testcase> <!-- TestCanvas -->
  <testcase name="ValidateBlueButton" time="0.0" classname="Academy.ChallengingDomPage">
    <skipped/>
  </testcase> <!-- ValidateBlueButton -->
  <testcase name="ValidateDeleteButton" time="0.0" classname="Academy.ChallengingDomPage">
    <skipped/>
  </testcase> <!-- ValidateDeleteButton -->
  <testcase name="ValidateEditButton" time="0.0" classname="Academy.ChallengingDomPage">
    <skipped/>
  </testcase> <!-- ValidateEditButton -->
  <testcase name="ValidateParagraphText" time="0.0" classname="Academy.ChallengingDomPage">
    <skipped/>
  </testcase> <!-- ValidateParagraphText -->
  <testcase name="VerifyButton" time="0.0" classname="Academy.ChallengingDomPage">
    <skipped/>
  </testcase> <!-- VerifyButton -->
  <testcase name="VerifyElementalSelenium" time="0.0" classname="Academy.ChallengingDomPage">
    <skipped/>
  </testcase> <!-- VerifyElementalSelenium -->
  <testcase name="VerifyForkMeOnGithub" time="0.0" classname="Academy.ChallengingDomPage">
    <skipped/>
  </testcase> <!-- VerifyForkMeOnGithub -->
  <testcase name="validateAppTitle" time="0.0" classname="Academy.ChallengingDomPage">
    <skipped/>
  </testcase> <!-- validateAppTitle -->
</testsuite> <!-- Validating User login -->
